[debug] [2019-06-20T15:29:15.654Z] ----------------------------------------------------------------------
[debug] [2019-06-20T15:29:15.662Z] Command:       C:\Program Files\nodejs\node.exe C:\Users\hd738ah\AppData\Roaming\npm\node_modules\firebase-tools\lib\bin\firebase.js init
[debug] [2019-06-20T15:29:15.663Z] CLI Version:   7.0.0
[debug] [2019-06-20T15:29:15.663Z] Platform:      win32
[debug] [2019-06-20T15:29:15.663Z] Node Version:  v10.16.0
[debug] [2019-06-20T15:29:15.671Z] Time:          Thu Jun 20 2019 10:29:15 GMT-0500 (Central Daylight Time)
[debug] [2019-06-20T15:29:15.671Z] ----------------------------------------------------------------------
[debug] 
[debug] [2019-06-20T15:29:15.713Z] > command requires scopes: ["email","openid","https://www.googleapis.com/auth/cloudplatformprojects.readonly","https://www.googleapis.com/auth/firebase","https://www.googleapis.com/auth/cloud-platform"]
[debug] [2019-06-20T15:29:15.715Z] > authorizing via signed-in user
[info] 
     ######## #### ########  ######## ########     ###     ######  ########
     ##        ##  ##     ## ##       ##     ##  ##   ##  ##       ##
     ######    ##  ########  ######   ########  #########  ######  ######
     ##        ##  ##    ##  ##       ##     ## ##     ##       ## ##
     ##       #### ##     ## ######## ########  ##     ##  ######  ########

You're about to initialize a Firebase project in this directory:

  C:\Users\hd738ah\Desktop\vue\testTwo

[debug] [2019-06-20T15:38:33.162Z] Error: kill ENOSYS
    at process.kill (internal/process/per_thread.js:198:13)
    at process.listener (C:\Users\hd738ah\AppData\Roaming\npm\node_modules\firebase-tools\node_modules\signal-exit\index.js:95:15)
    at process.emit (events.js:198:13)
[error] 
[error] Error: An unexpected error has occurred.
